#
# A fatal error has been detected by the Java Runtime Environment:
#
#  Internal Error (javaClasses.cpp:129), pid=4155, tid=3062405952
#  fatal error: Invalid layout of preloaded class
#
# JRE version: 7.0_21-b11
# Java VM: Java HotSpot(TM) Server VM (23.21-b01 mixed mode linux-x86 )
# Failed to write core dump. Core dumps have been disabled. To enable core dumping, try "ulimit -c unlimited" before starting Java again
#
# If you would like to submit a bug report, please visit:
#   http://bugreport.sun.com/bugreport/crash.jsp
#

---------------  T H R E A D  ---------------

Current thread (0xb6707c00):  JavaThread "Unknown thread" [_thread_in_vm, id=4161, stack(0xb6839000,0xb688a000)]

Stack: [0xb6839000,0xb688a000],  sp=0xb6888d90,  free space=319k
Native frames: (J=compiled Java code, j=interpreted, Vv=VM code, C=native code)
V  [libjvm.so+0x722359]  VMError::report_and_die()+0x199
V  [libjvm.so+0x2e946c]  report_fatal(char const*, int, char const*)+0x4c
V  [libjvm.so+0x416f80]  compute_offset(int&, klassOopDesc*, Symbol*, Symbol*, bool)+0x110
V  [libjvm.so+0x41b514]  java_lang_String::compute_offsets()+0x44
V  [libjvm.so+0x6b7695]  SystemDictionary::initialize_preloaded_classes(Thread*)+0x225
V  [libjvm.so+0x6ff198]  Universe::genesis(Thread*)+0x3f8
V  [libjvm.so+0x6ff60f]  universe2_init()+0x1f
V  [libjvm.so+0x3dd1b0]  init_globals()+0xa0
V  [libjvm.so+0x6e6b89]  Threads::create_vm(JavaVMInitArgs*, bool*)+0x1f9
V  [libjvm.so+0x424afc]  JNI_CreateJavaVM+0x5c
C  [libjli.so+0x2668]  JavaMain+0x98
C  [libpthread.so.0+0x6d4c]  start_thread+0xcc


---------------  P R O C E S S  ---------------

Java Threads: ( => current thread )

Other Threads:

=>0xb6707c00 (exited) JavaThread "Unknown thread" [_thread_in_vm, id=4161, stack(0xb6839000,0xb688a000)]

VM state:not at safepoint (not fully initialized)

VM Mutex/Monitor currently owned by a thread: None

GC Heap History (0 events):
No events

Deoptimization events (0 events):
No events

Internal exceptions (0 events):
No events

Events (10 events):
Event: 0.145 loading class 0xb6732da8 done
Event: 0.146 loading class 0xb67326e8 done
Event: 0.146 loading class 0xb67326c0
Event: 0.146 loading class 0xb67664a0
Event: 0.146 loading class 0xb67664a0 done
Event: 0.146 loading class 0xb67664d8
Event: 0.146 loading class 0xb67664d8 done
Event: 0.146 loading class 0xb6766510
Event: 0.146 loading class 0xb6766510 done
Event: 0.147 loading class 0xb67326c0 done


Dynamic libraries:
08048000-08049000 r-xp 00000000 08:11 2237667    /opt/jdk1.7.0_21/jre/bin/java
08049000-0804a000 rw-p 00000000 08:11 2237667    /opt/jdk1.7.0_21/jre/bin/java
09dab000-09dcc000 rw-p 00000000 00:00 0          [heap]
81615000-83700000 rw-p 00000000 00:00 0 
83700000-83721000 rw-p 00000000 00:00 0 
83721000-83800000 ---p 00000000 00:00 0 
8388a000-83900000 r--s 00902000 fc:01 5518724    /home/blambi/android-sdks/platforms/android-10/android.jar
83900000-83921000 rw-p 00000000 00:00 0 
83921000-83a00000 ---p 00000000 00:00 0 
83a1a000-83a1b000 ---p 00000000 00:00 0 
83a1b000-83a9b000 rw-p 00000000 00:00 0 
83a9b000-83a9c000 ---p 00000000 00:00 0 
83a9c000-83b24000 rw-p 00000000 00:00 0 
83b24000-83b3c000 rw-p 00000000 00:00 0 
83b3c000-83b4b000 rw-p 00000000 00:00 0 
83b4b000-83c24000 rw-p 00000000 00:00 0 
83c24000-83c2c000 rw-p 00000000 00:00 0 
83c2c000-83c44000 rw-p 00000000 00:00 0 
83c44000-83c53000 rw-p 00000000 00:00 0 
83c53000-83d2b000 rw-p 00000000 00:00 0 
83d2b000-83d33000 rw-p 00000000 00:00 0 
83d33000-83d9f000 rw-p 00000000 00:00 0 
83d9f000-84da0000 rw-p 00000000 00:00 0 
84da0000-87da0000 rw-p 00000000 00:00 0 
87da0000-89a80000 rw-p 00000000 00:00 0 
89a80000-a4c50000 rw-p 00000000 00:00 0 
a4c50000-a5ac0000 rw-p 00000000 00:00 0 
a5ac0000-b33a0000 rw-p 00000000 00:00 0 
b33a8000-b33b1000 rw-p 00000000 00:00 0 
b33b1000-b3468000 rw-p 00000000 00:00 0 
b3468000-b36a8000 rwxp 00000000 00:00 0 
b36a8000-b6468000 rw-p 00000000 00:00 0 
b6468000-b647f000 r-xp 00000000 08:11 2237422    /opt/jdk1.7.0_21/jre/lib/i386/libzip.so
b647f000-b6480000 rw-p 00017000 08:11 2237422    /opt/jdk1.7.0_21/jre/lib/i386/libzip.so
b6480000-b648b000 r-xp 00000000 08:11 2499636    /lib/i386-linux-gnu/libnss_files-2.15.so
b648b000-b648c000 r--p 0000a000 08:11 2499636    /lib/i386-linux-gnu/libnss_files-2.15.so
b648c000-b648d000 rw-p 0000b000 08:11 2499636    /lib/i386-linux-gnu/libnss_files-2.15.so
b648d000-b64a3000 r-xp 00000000 08:11 2499652    /lib/i386-linux-gnu/libnsl-2.15.so
b64a3000-b64a4000 r--p 00015000 08:11 2499652    /lib/i386-linux-gnu/libnsl-2.15.so
b64a4000-b64a5000 rw-p 00016000 08:11 2499652    /lib/i386-linux-gnu/libnsl-2.15.so
b64a5000-b64a7000 rw-p 00000000 00:00 0 
b64a7000-b64ae000 r-xp 00000000 08:11 2499634    /lib/i386-linux-gnu/libnss_compat-2.15.so
b64ae000-b64af000 r--p 00006000 08:11 2499634    /lib/i386-linux-gnu/libnss_compat-2.15.so
b64af000-b64b0000 rw-p 00007000 08:11 2499634    /lib/i386-linux-gnu/libnss_compat-2.15.so
b64c0000-b64c8000 rw-s 00000000 08:11 1843553    /tmp/hsperfdata_blambi/4155
b64c8000-b66c8000 r--p 00000000 08:11 3806778    /usr/lib/locale/locale-archive
b66c8000-b66ff000 r-xp 00000000 08:11 2237396    /opt/jdk1.7.0_21/jre/lib/i386/libjdwp.so
b66ff000-b6700000 rw-p 00037000 08:11 2237396    /opt/jdk1.7.0_21/jre/lib/i386/libjdwp.so
b6700000-b6778000 rw-p 00000000 00:00 0 
b6778000-b6800000 ---p 00000000 00:00 0 
b6800000-b680a000 r-xp 00000000 08:11 2499640    /lib/i386-linux-gnu/libnss_nis-2.15.so
b680a000-b680b000 r--p 00009000 08:11 2499640    /lib/i386-linux-gnu/libnss_nis-2.15.so
b680b000-b680c000 rw-p 0000a000 08:11 2499640    /lib/i386-linux-gnu/libnss_nis-2.15.so
b680c000-b682f000 r-xp 00000000 08:11 2237384    /opt/jdk1.7.0_21/jre/lib/i386/libjava.so
b682f000-b6830000 rw-p 00023000 08:11 2237384    /opt/jdk1.7.0_21/jre/lib/i386/libjava.so
b6830000-b6837000 r-xp 00000000 08:11 2499639    /lib/i386-linux-gnu/librt-2.15.so
b6837000-b6838000 r--p 00006000 08:11 2499639    /lib/i386-linux-gnu/librt-2.15.so
b6838000-b6839000 rw-p 00007000 08:11 2499639    /lib/i386-linux-gnu/librt-2.15.so
b6839000-b683c000 ---p 00000000 00:00 0 
b683c000-b688a000 rw-p 00000000 00:00 0 
b688a000-b68b4000 r-xp 00000000 08:11 2499643    /lib/i386-linux-gnu/libm-2.15.so
b68b4000-b68b5000 r--p 00029000 08:11 2499643    /lib/i386-linux-gnu/libm-2.15.so
b68b5000-b68b6000 rw-p 0002a000 08:11 2499643    /lib/i386-linux-gnu/libm-2.15.so
b68b6000-b7071000 r-xp 00000000 08:11 2237421    /opt/jdk1.7.0_21/jre/lib/i386/server/libjvm.so
b7071000-b70c3000 rw-p 007bb000 08:11 2237421    /opt/jdk1.7.0_21/jre/lib/i386/server/libjvm.so
b70c3000-b74e7000 rw-p 00000000 00:00 0 
b74e7000-b768a000 r-xp 00000000 08:11 2499632    /lib/i386-linux-gnu/libc-2.15.so
b768a000-b768c000 r--p 001a3000 08:11 2499632    /lib/i386-linux-gnu/libc-2.15.so
b768c000-b768d000 rw-p 001a5000 08:11 2499632    /lib/i386-linux-gnu/libc-2.15.so
b768d000-b7690000 rw-p 00000000 00:00 0 
b7690000-b7693000 r-xp 00000000 08:11 2499647    /lib/i386-linux-gnu/libdl-2.15.so
b7693000-b7694000 r--p 00002000 08:11 2499647    /lib/i386-linux-gnu/libdl-2.15.so
b7694000-b7695000 rw-p 00003000 08:11 2499647    /lib/i386-linux-gnu/libdl-2.15.so
b7695000-b76a8000 r-xp 00000000 08:11 2237388    /opt/jdk1.7.0_21/jre/lib/i386/jli/libjli.so
b76a8000-b76a9000 rw-p 00012000 08:11 2237388    /opt/jdk1.7.0_21/jre/lib/i386/jli/libjli.so
b76a9000-b76c0000 r-xp 00000000 08:11 2499641    /lib/i386-linux-gnu/libpthread-2.15.so
b76c0000-b76c1000 r--p 00016000 08:11 2499641    /lib/i386-linux-gnu/libpthread-2.15.so
b76c1000-b76c2000 rw-p 00017000 08:11 2499641    /lib/i386-linux-gnu/libpthread-2.15.so
b76c2000-b76c5000 rw-p 00000000 00:00 0 
b76c9000-b76cc000 rw-p 00000000 00:00 0 
b76cc000-b76ce000 r-xp 00000000 08:11 2237416    /opt/jdk1.7.0_21/jre/lib/i386/libnpt.so
b76ce000-b76cf000 rw-p 00002000 08:11 2237416    /opt/jdk1.7.0_21/jre/lib/i386/libnpt.so
b76cf000-b76d0000 rw-p 00000000 00:00 0 
b76d0000-b76d1000 r--p 00000000 00:00 0 
b76d1000-b76dc000 r-xp 00000000 08:11 2237366    /opt/jdk1.7.0_21/jre/lib/i386/libverify.so
b76dc000-b76dd000 rw-p 0000b000 08:11 2237366    /opt/jdk1.7.0_21/jre/lib/i386/libverify.so
b76dd000-b76df000 rw-p 00000000 00:00 0 
b76df000-b76e0000 r-xp 00000000 00:00 0          [vdso]
b76e0000-b7700000 r-xp 00000000 08:11 2499644    /lib/i386-linux-gnu/ld-2.15.so
b7700000-b7701000 r--p 0001f000 08:11 2499644    /lib/i386-linux-gnu/ld-2.15.so
b7701000-b7702000 rw-p 00020000 08:11 2499644    /lib/i386-linux-gnu/ld-2.15.so
bfa82000-bfaa4000 rw-p 00000000 00:00 0          [stack]

VM Arguments:
jvm_args: -agentlib:jdwp=transport=dt_socket,suspend=y,address=localhost:33219 -Dfile.encoding=UTF-8 -Xbootclasspath:/home/blambi/android-sdks/platforms/android-10/android.jar 
java_command: com.example.radar_canvas_example.RadarOverlay
Launcher Type: SUN_STANDARD

Environment Variables:
CLASSPATH=/home/blambi/Downloads/weka-3-6-8/weka.jar
PATH=/home/blambi/bin/Sencha/Cmd/3.1.2.342:/home/blambi/bin/Sencha/Cmd/3.1.0.256:/opt/Sencha/Cmd/3.0.0.250:/opt/java/bin:/home/blambi/Downloads/apache-maven-2.2.1/bin:/home/blambi/bin/Sencha/Cmd/3.1.2.342:/home/blambi/bin/Sencha/Cmd/3.1.0.256:/home/blambi/bin:/usr/lib/lightdm/lightdm:/usr/local/sbin:/usr/local/bin:/usr/sbin:/usr/bin:/sbin:/bin:/usr/games:/home/blambi/Downloads/android-sdk-linux_x86/platform-tools:/home/blambi/workspace/xcel_availability/src/main/python
LD_LIBRARY_PATH=/opt/jdk1.7.0_21/jre/lib/i386/server:/opt/jdk1.7.0_21/jre/lib/i386:/opt/jdk1.7.0_21/jre/../lib/i386:/opt/jdk1.7.0_21/jre/lib/i386/client:/opt/jdk1.7.0_21/jre/lib/i386:/opt/local/lib:/home/blambi/workspace/xcel_availability/src/main/jni:/home/blambi/workspace/roadwx_assess/src/main/jni
SHELL=/bin/bash
DISPLAY=:0.0

Signal Handlers:
SIGSEGV: [libjvm.so+0x722ea0], sa_mask[0]=0x7ffbfeff, sa_flags=0x10000004
SIGBUS: [libjvm.so+0x722ea0], sa_mask[0]=0x7ffbfeff, sa_flags=0x10000004
SIGFPE: [libjvm.so+0x5dbc80], sa_mask[0]=0x7ffbfeff, sa_flags=0x10000004
SIGPIPE: [libjvm.so+0x5dbc80], sa_mask[0]=0x7ffbfeff, sa_flags=0x10000004
SIGXFSZ: [libjvm.so+0x5dbc80], sa_mask[0]=0x7ffbfeff, sa_flags=0x10000004
SIGILL: [libjvm.so+0x5dbc80], sa_mask[0]=0x7ffbfeff, sa_flags=0x10000004
SIGUSR1: SIG_DFL, sa_mask[0]=0x00000000, sa_flags=0x00000000
SIGUSR2: [libjvm.so+0x5db560], sa_mask[0]=0x00000004, sa_flags=0x10000004
SIGHUP: SIG_DFL, sa_mask[0]=0x00000000, sa_flags=0x00000000
SIGINT: SIG_DFL, sa_mask[0]=0x00000000, sa_flags=0x00000000
SIGTERM: SIG_DFL, sa_mask[0]=0x00000000, sa_flags=0x00000000
SIGQUIT: SIG_DFL, sa_mask[0]=0x00000000, sa_flags=0x00000000


---------------  S Y S T E M  ---------------

OS:wheezy/sid

uname:Linux 3.2.0-48-generic-pae #74-Ubuntu SMP Thu Jun 6 20:05:01 UTC 2013 i686
libc:glibc 2.15 NPTL 2.15 
rlimit: STACK 8192k, CORE 0k, NPROC 22014, NOFILE 4096, AS infinity
load average:0.79 0.65 0.44

/proc/meminfo:
MemTotal:        2838212 kB
MemFree:          304188 kB
Buffers:          237884 kB
Cached:           996584 kB
SwapCached:         3532 kB
Active:          1362908 kB
Inactive:         938604 kB
Active(anon):     731428 kB
Inactive(anon):   342528 kB
Active(file):     631480 kB
Inactive(file):   596076 kB
Unevictable:          32 kB
Mlocked:              32 kB
HighTotal:       1969800 kB
HighFree:          99304 kB
LowTotal:         868412 kB
LowFree:          204884 kB
SwapTotal:       2927608 kB
SwapFree:        2874720 kB
Dirty:               280 kB
Writeback:             0 kB
AnonPages:       1064600 kB
Mapped:           141880 kB
Shmem:              6704 kB
Slab:             152812 kB
SReclaimable:     132540 kB
SUnreclaim:        20272 kB
KernelStack:        4592 kB
PageTables:        12572 kB
NFS_Unstable:          0 kB
Bounce:                0 kB
WritebackTmp:          0 kB
CommitLimit:     4346712 kB
Committed_AS:    4629784 kB
VmallocTotal:     122880 kB
VmallocUsed:       35980 kB
VmallocChunk:      83404 kB
HardwareCorrupted:     0 kB
AnonHugePages:         0 kB
HugePages_Total:       0
HugePages_Free:        0
HugePages_Rsvd:        0
HugePages_Surp:        0
Hugepagesize:       2048 kB
DirectMap4k:      104440 kB
DirectMap2M:      808960 kB


CPU:total 2 (2 cores per cpu, 1 threads per core) family 6 model 15 stepping 13, cmov, cx8, fxsr, mmx, sse, sse2, sse3, ssse3, tsc

/proc/cpuinfo:
processor	: 0
vendor_id	: GenuineIntel
cpu family	: 6
model		: 15
model name	: Intel(R) Pentium(R) Dual  CPU  E2160  @ 1.80GHz
stepping	: 13
microcode	: 0xa1
cpu MHz		: 1799.879
cache size	: 1024 KB
physical id	: 0
siblings	: 2
core id		: 0
cpu cores	: 2
apicid		: 0
initial apicid	: 0
fdiv_bug	: no
hlt_bug		: no
f00f_bug	: no
coma_bug	: no
fpu		: yes
fpu_exception	: yes
cpuid level	: 10
wp		: yes
flags		: fpu vme de pse tsc msr pae mce cx8 apic sep mtrr pge mca cmov pat pse36 clflush dts acpi mmx fxsr sse sse2 ss ht tm pbe nx lm constant_tsc arch_perfmon pebs bts aperfmperf pni dtes64 monitor ds_cpl est tm2 ssse3 cx16 xtpr pdcm lahf_lm dtherm
bogomips	: 3599.75
clflush size	: 64
cache_alignment	: 64
address sizes	: 36 bits physical, 48 bits virtual
power management:

processor	: 1
vendor_id	: GenuineIntel
cpu family	: 6
model		: 15
model name	: Intel(R) Pentium(R) Dual  CPU  E2160  @ 1.80GHz
stepping	: 13
microcode	: 0xa1
cpu MHz		: 1799.879
cache size	: 1024 KB
physical id	: 0
siblings	: 2
core id		: 1
cpu cores	: 2
apicid		: 1
initial apicid	: 1
fdiv_bug	: no
hlt_bug		: no
f00f_bug	: no
coma_bug	: no
fpu		: yes
fpu_exception	: yes
cpuid level	: 10
wp		: yes
flags		: fpu vme de pse tsc msr pae mce cx8 apic sep mtrr pge mca cmov pat pse36 clflush dts acpi mmx fxsr sse sse2 ss ht tm pbe nx lm constant_tsc arch_perfmon pebs bts aperfmperf pni dtes64 monitor ds_cpl est tm2 ssse3 cx16 xtpr pdcm lahf_lm dtherm
bogomips	: 3599.90
clflush size	: 64
cache_alignment	: 64
address sizes	: 36 bits physical, 48 bits virtual
power management:



Memory: 4k page, physical 2838212k(304188k free), swap 2927608k(2874720k free)

vm_info: Java HotSpot(TM) Server VM (23.21-b01) for linux-x86 JRE (1.7.0_21-b11), built on Apr  4 2013 04:20:11 by "java_re" with gcc 4.3.0 20080428 (Red Hat 4.3.0-8)

time: Wed Jun 19 20:28:55 2013
elapsed time: 0 seconds

